<?xml version="1.0" encoding="UTF-8"?>
<!-- Generated by org.testng.reporters.JUnitReportReporter -->
<testsuite hostname="UncleKhiem" failures="0" tests="1" name="test.TestMultiLang" time="2.082" errors="0" timestamp="2023-10-11T17:27:41 JST" skipped="0">
  <testcase classname="test.TestMultiLang" name="getHeader" time="2.082"/>
</testsuite> <!-- test.TestMultiLang -->
